[Thu May  7 12:12:01.908 2020] 0.001 sec 0.001 sec [ext/0/ext 0 (0,20)] [article] sss 
[Thu May  7 12:12:09.685 2020] 0.000 sec 0.000 sec [ext/0/ext 1 (0,20)] [article] 组织 
[Thu May  7 12:14:21.158 2020] 0.000 sec 0.000 sec [ext/0/ext 1 (0,20)] [article] 组织 
[Thu May  7 12:20:14.492 2020] 0.000 sec 0.000 sec [scan/0/ext 5 (0,12)] [article]
[Thu May  7 12:20:27.711 2020] 0.000 sec 0.000 sec [ext/0/ext 1 (0,12)] [article] 组织
[Thu May  7 12:20:45.503 2020] 0.000 sec 0.000 sec [ext/0/ext 1 (0,12)] [article] 组织
[Thu May  7 12:20:53.480 2020] 0.000 sec 0.000 sec [ext/0/ext 4 (0,12)] [article] thinkphp
[Thu May  7 12:23:50.929 2020] 0.001 sec 0.001 sec [ext/0/ext 1 (0,12)] [article] 组织
[Thu May  7 12:24:41.011 2020] 0.001 sec 0.001 sec [ext/0/ext 1 (0,12)] [article] 组织
[Thu May  7 12:25:54.506 2020] 0.000 sec 0.000 sec [ext/0/ext 1 (0,12)] [article] 组织
[Thu May  7 12:27:03.734 2020] 0.000 sec 0.000 sec [ext/0/ext 1 (0,12)] [article] 组织
[Thu May  7 12:27:33.637 2020] 0.001 sec 0.001 sec [ext/0/ext 1 (0,12)] [article] 组织
[Thu May  7 12:27:44.324 2020] 0.001 sec 0.001 sec [ext/0/ext 1 (0,12)] [article] 组织
[Thu May  7 12:28:54.620 2020] 0.000 sec 0.000 sec [ext/0/ext 1 (0,12)] [article] 组织
[Thu May  7 12:29:22.688 2020] 0.001 sec 0.001 sec [ext/0/ext 1 (0,12)] [article] 组织
[Thu May  7 12:33:35.866 2020] 0.000 sec 0.000 sec [ext/0/ext 5 (0,12)] [article] 1
[Thu May  7 12:34:03.901 2020] 0.000 sec 0.000 sec [ext/0/ext 5 (0,12)] [article] 1
[Thu May  7 12:34:15.758 2020] 0.000 sec 0.000 sec [ext/0/ext 0 (0,12)] [article] 111
[Thu May  7 12:35:13.556 2020] 0.000 sec 0.000 sec [ext/0/ext 1 (0,12)] [article] 组织
[Thu May  7 12:35:45.949 2020] 0.000 sec 0.000 sec [ext/0/ext 0 (0,12)] [article] ssssssssssssssssssssssss
[Thu May  7 12:38:41.892 2020] 0.000 sec 0.000 sec [ext/0/ext 0 (0,12)] [article] ssssssssssssssssssssssss
[Thu May  7 12:38:50.122 2020] 0.000 sec 0.000 sec [ext/0/ext 5 (0,12)] [article] 1
[Thu May  7 12:39:39.657 2020] 0.000 sec 0.000 sec [ext/0/ext 5 (0,12)] [article] 1
[Thu May  7 12:39:46.313 2020] 0.000 sec 0.000 sec [ext/0/ext 5 (0,12)] [article] 1
[Thu May  7 12:40:29.303 2020] 0.000 sec 0.000 sec [ext/0/ext 1 (0,12)] [article] 组织
[Thu May  7 12:40:42.441 2020] 0.000 sec 0.000 sec [ext/0/ext 0 (0,12)] [article] ssssssssssssssss
[Thu May  7 14:04:44.573 2020] 0.000 sec 0.000 sec [ext/0/ext 0 (0,12)] [article] ssssssssssssssss
[Thu May  7 14:05:25.095 2020] 0.000 sec 0.000 sec [ext/0/ext 0 (0,12)] [article] 12
[Thu May  7 14:06:44.317 2020] 0.000 sec 0.000 sec [ext/0/ext 0 (0,12)] [article] 12
[Thu May  7 14:07:28.210 2020] 0.000 sec 0.000 sec [ext/0/ext 0 (0,12)] [article] 12
[Thu May  7 14:08:53.313 2020] 0.000 sec 0.000 sec [ext/0/ext 0 (0,12)] [article] 12
[Thu May  7 14:09:08.259 2020] 0.000 sec 0.000 sec [ext/0/ext 0 (0,12)] [article] 12
[Thu May  7 14:09:28.833 2020] 0.000 sec 0.000 sec [ext/0/ext 0 (0,12)] [article] 12
[Thu May  7 14:09:35.693 2020] 0.000 sec 0.000 sec [ext/0/ext 5 (0,12)] [article] 1
[Thu May  7 14:14:51.527 2020] 0.000 sec 0.000 sec [ext/0/ext 5 (0,12)] [article] 1
[Thu May  7 14:14:58.957 2020] 0.000 sec 0.000 sec [ext/0/ext 5 (0,12)] [article] 1
[Thu May  7 14:16:45.221 2020] 0.000 sec 0.000 sec [ext/0/ext 5 (0,12)] [article] 1
[Thu May  7 14:17:30.701 2020] 0.000 sec 0.000 sec [ext/0/ext 5 (0,12)] [article] 1
[Thu May  7 14:17:43.580 2020] 0.000 sec 0.000 sec [ext/0/ext 1 (0,12)] [article] 组织
[Thu May  7 14:30:18.030 2020] 0.001 sec 0.001 sec [ext/0/ext 1 (0,12)] [article] 发射点发射点发青蛙
[Thu May  7 15:48:32.745 2020] 0.001 sec 0.001 sec [ext/0/ext 1 (0,12)] [article] 发射点发射点发青蛙
[Thu May  7 15:48:35.071 2020] 0.000 sec 0.000 sec [ext/0/ext 1 (0,12)] [article] 组织
[Thu May  7 16:04:28.371 2020] 0.001 sec 0.001 sec [ext/0/ext 1 (0,12)] [article] 组织
[Thu May  7 16:04:44.181 2020] 0.000 sec 0.000 sec [ext/0/ext 3 (0,12)] [article] thinkphp
[Thu May  7 16:05:39.246 2020] 0.000 sec 0.000 sec [ext/0/ext 4 (0,12)] [article] thinkphp
[Thu May  7 16:05:47.690 2020] 0.001 sec 0.001 sec [ext/0/ext 1 (0,12)] [article] 组织
[Thu May  7 16:09:20.856 2020] 0.000 sec 0.000 sec [ext/0/ext 1 (0,12)] [article] 组织
[Thu May  7 16:09:43.167 2020] 0.000 sec 0.000 sec [ext/0/ext 1 (0,12)] [article] 组织
[Thu May  7 16:09:57.559 2020] 0.000 sec 0.000 sec [ext/0/ext 1 (0,12)] [article] 组织
[Thu May  7 16:26:58.198 2020] 0.001 sec 0.001 sec [ext/0/ext 1 (0,12)] [article] 组织
